<?xml version="1.0" encoding="UTF-8"?>
<testng-results skipped="0" failed="0" ignored="0" total="1" passed="1">
  <reporter-output>
  </reporter-output>
  <suite name="Default suite" duration-ms="19145" started-at="2021-06-08T19:36:34Z" finished-at="2021-06-08T19:36:53Z">
    <groups>
    </groups>
    <test name="Default test" duration-ms="19145" started-at="2021-06-08T19:36:34Z" finished-at="2021-06-08T19:36:53Z">
      <class name="tests.TestHome">
        <test-method status="PASS" signature="createDriver()[pri:0, instance:tests.TestHome@3bfdc050]" name="createDriver" is-config="true" duration-ms="1435" started-at="2021-06-08T19:36:34Z" finished-at="2021-06-08T19:36:35Z">
          <reporter-output>
          </reporter-output>
        </test-method> <!-- createDriver -->
        <test-method status="PASS" signature="LoginTest()[pri:1, instance:tests.TestHome@3bfdc050]" name="LoginTest" duration-ms="17700" started-at="2021-06-08T19:36:35Z" finished-at="2021-06-08T19:36:53Z">
          <reporter-output>
          </reporter-output>
        </test-method> <!-- LoginTest -->
      </class> <!-- tests.TestHome -->
    </test> <!-- Default test -->
  </suite> <!-- Default suite -->
</testng-results>
